c:\users\liu95\documents\github\main project v2\build\win64\dxl_x64_cpp\release\vc143.pdb
c:\users\liu95\documents\github\main project v2\build\win64\dxl_x64_cpp\release\protocol2_packet_handler.obj
c:\users\liu95\documents\github\main project v2\build\win64\dxl_x64_cpp\release\protocol1_packet_handler.obj
c:\users\liu95\documents\github\main project v2\build\win64\dxl_x64_cpp\release\port_handler_windows.obj
c:\users\liu95\documents\github\main project v2\build\win64\dxl_x64_cpp\release\port_handler.obj
c:\users\liu95\documents\github\main project v2\build\win64\dxl_x64_cpp\release\packet_handler.obj
c:\users\liu95\documents\github\main project v2\build\win64\dxl_x64_cpp\release\group_sync_write.obj
c:\users\liu95\documents\github\main project v2\build\win64\dxl_x64_cpp\release\group_sync_read.obj
c:\users\liu95\documents\github\main project v2\build\win64\dxl_x64_cpp\release\group_bulk_write.obj
c:\users\liu95\documents\github\main project v2\build\win64\dxl_x64_cpp\release\group_bulk_read.obj
c:\users\liu95\documents\github\main project v2\build\win64\output\dxl_x64_cpp.lib
c:\users\liu95\documents\github\main project v2\build\win64\output\dxl_x64_cpp.exp
c:\users\liu95\documents\github\main project v2\build\win64\output\dxl_x64_cpp.dll
c:\users\liu95\documents\github\main project v2\build\win64\dxl_x64_cpp\release\dxl_x64_cpp.ipdb
c:\users\liu95\documents\github\main project v2\build\win64\output\dxl_x64_cpp.pdb
c:\users\liu95\documents\github\main project v2\build\win64\dxl_x64_cpp\release\dxl_x64_cpp.iobj
c:\users\liu95\documents\github\main project v2\build\win64\dxl_x64_cpp\release\dxl_x64_cpp.tlog\cl.command.1.tlog
c:\users\liu95\documents\github\main project v2\build\win64\dxl_x64_cpp\release\dxl_x64_cpp.tlog\cl.read.1.tlog
c:\users\liu95\documents\github\main project v2\build\win64\dxl_x64_cpp\release\dxl_x64_cpp.tlog\cl.write.1.tlog
c:\users\liu95\documents\github\main project v2\build\win64\dxl_x64_cpp\release\dxl_x64_cpp.tlog\dxl_x64_cpp.write.1u.tlog
c:\users\liu95\documents\github\main project v2\build\win64\dxl_x64_cpp\release\dxl_x64_cpp.tlog\link.command.1.tlog
c:\users\liu95\documents\github\main project v2\build\win64\dxl_x64_cpp\release\dxl_x64_cpp.tlog\link.read.1.tlog
c:\users\liu95\documents\github\main project v2\build\win64\dxl_x64_cpp\release\dxl_x64_cpp.tlog\link.write.1.tlog
