  group_bulk_read.cpp
C:\Users\liu95\Documents\GitHub\Main Project V2\include\dynamixel_sdk\group_bulk_read.h(43,35): warning C4251: 'dynamixel::GroupBulkRead::id_list_': class 'std::vector<uint8_t,std::allocator<uint8_t>>' needs to have dll-interface to be used by clients of class 'dynamixel::GroupBulkRead'
C:\Users\liu95\Documents\GitHub\Main Project V2\include\dynamixel_sdk\packet_handler.h(205): message : see declaration of 'std::vector<uint8_t,std::allocator<uint8_t>>'
C:\Users\liu95\Documents\GitHub\Main Project V2\include\dynamixel_sdk\group_bulk_read.h(44,35): warning C4251: 'dynamixel::GroupBulkRead::address_list_': class 'std::map<uint8_t,uint16_t,std::less<uint8_t>,std::allocator<std::pair<const uint8_t,uint16_t>>>' needs to have dll-interface to be used by clients of class 'dynamixel::GroupBulkRead'
C:\Users\liu95\Documents\GitHub\Main Project V2\include\dynamixel_sdk\group_bulk_read.h(44): message : see declaration of 'std::map<uint8_t,uint16_t,std::less<uint8_t>,std::allocator<std::pair<const uint8_t,uint16_t>>>'
C:\Users\liu95\Documents\GitHub\Main Project V2\include\dynamixel_sdk\group_bulk_read.h(45,35): warning C4251: 'dynamixel::GroupBulkRead::length_list_': class 'std::map<uint8_t,uint16_t,std::less<uint8_t>,std::allocator<std::pair<const uint8_t,uint16_t>>>' needs to have dll-interface to be used by clients of class 'dynamixel::GroupBulkRead'
C:\Users\liu95\Documents\GitHub\Main Project V2\include\dynamixel_sdk\group_bulk_read.h(44): message : see declaration of 'std::map<uint8_t,uint16_t,std::less<uint8_t>,std::allocator<std::pair<const uint8_t,uint16_t>>>'
C:\Users\liu95\Documents\GitHub\Main Project V2\include\dynamixel_sdk\group_bulk_read.h(46,35): warning C4251: 'dynamixel::GroupBulkRead::data_list_': class 'std::map<uint8_t,uint8_t *,std::less<uint8_t>,std::allocator<std::pair<const uint8_t,uint8_t *>>>' needs to have dll-interface to be used by clients of class 'dynamixel::GroupBulkRead'
C:\Users\liu95\Documents\GitHub\Main Project V2\include\dynamixel_sdk\group_bulk_read.h(46): message : see declaration of 'std::map<uint8_t,uint8_t *,std::less<uint8_t>,std::allocator<std::pair<const uint8_t,uint8_t *>>>'
C:\Users\liu95\Documents\GitHub\Main Project V2\include\dynamixel_sdk\group_bulk_read.h(47,35): warning C4251: 'dynamixel::GroupBulkRead::error_list_': class 'std::map<uint8_t,uint8_t *,std::less<uint8_t>,std::allocator<std::pair<const uint8_t,uint8_t *>>>' needs to have dll-interface to be used by clients of class 'dynamixel::GroupBulkRead'
C:\Users\liu95\Documents\GitHub\Main Project V2\include\dynamixel_sdk\group_bulk_read.h(46): message : see declaration of 'std::map<uint8_t,uint8_t *,std::less<uint8_t>,std::allocator<std::pair<const uint8_t,uint8_t *>>>'
C:\Users\liu95\Documents\GitHub\Main Project V2\src\dynamixel_sdk\group_bulk_read.cpp(147,62): warning C4267: 'argument': conversion from 'size_t' to 'uint16_t', possible loss of data
C:\Users\liu95\Documents\GitHub\Main Project V2\src\dynamixel_sdk\group_bulk_read.cpp(151,62): warning C4267: 'argument': conversion from 'size_t' to 'uint16_t', possible loss of data
C:\Users\liu95\Documents\GitHub\Main Project V2\src\dynamixel_sdk\group_bulk_read.cpp(157,39): warning C4267: 'initializing': conversion from 'size_t' to 'int', possible loss of data
  group_bulk_write.cpp
C:\Users\liu95\Documents\GitHub\Main Project V2\include\dynamixel_sdk\group_bulk_write.h(43,35): warning C4251: 'dynamixel::GroupBulkWrite::id_list_': class 'std::vector<uint8_t,std::allocator<uint8_t>>' needs to have dll-interface to be used by clients of class 'dynamixel::GroupBulkWrite'
C:\Users\liu95\Documents\GitHub\Main Project V2\include\dynamixel_sdk\packet_handler.h(205): message : see declaration of 'std::vector<uint8_t,std::allocator<uint8_t>>'
C:\Users\liu95\Documents\GitHub\Main Project V2\include\dynamixel_sdk\group_bulk_write.h(44,35): warning C4251: 'dynamixel::GroupBulkWrite::address_list_': class 'std::map<uint8_t,uint16_t,std::less<uint8_t>,std::allocator<std::pair<const uint8_t,uint16_t>>>' needs to have dll-interface to be used by clients of class 'dynamixel::GroupBulkWrite'
C:\Users\liu95\Documents\GitHub\Main Project V2\include\dynamixel_sdk\group_bulk_write.h(44): message : see declaration of 'std::map<uint8_t,uint16_t,std::less<uint8_t>,std::allocator<std::pair<const uint8_t,uint16_t>>>'
C:\Users\liu95\Documents\GitHub\Main Project V2\include\dynamixel_sdk\group_bulk_write.h(45,35): warning C4251: 'dynamixel::GroupBulkWrite::length_list_': class 'std::map<uint8_t,uint16_t,std::less<uint8_t>,std::allocator<std::pair<const uint8_t,uint16_t>>>' needs to have dll-interface to be used by clients of class 'dynamixel::GroupBulkWrite'
C:\Users\liu95\Documents\GitHub\Main Project V2\include\dynamixel_sdk\group_bulk_write.h(44): message : see declaration of 'std::map<uint8_t,uint16_t,std::less<uint8_t>,std::allocator<std::pair<const uint8_t,uint16_t>>>'
C:\Users\liu95\Documents\GitHub\Main Project V2\include\dynamixel_sdk\group_bulk_write.h(46,35): warning C4251: 'dynamixel::GroupBulkWrite::data_list_': class 'std::map<uint8_t,uint8_t *,std::less<uint8_t>,std::allocator<std::pair<const uint8_t,uint8_t *>>>' needs to have dll-interface to be used by clients of class 'dynamixel::GroupBulkWrite'
C:\Users\liu95\Documents\GitHub\Main Project V2\include\dynamixel_sdk\group_bulk_write.h(46): message : see declaration of 'std::map<uint8_t,uint8_t *,std::less<uint8_t>,std::allocator<std::pair<const uint8_t,uint8_t *>>>'
  group_sync_read.cpp
C:\Users\liu95\Documents\GitHub\Main Project V2\include\dynamixel_sdk\group_sync_read.h(43,35): warning C4251: 'dynamixel::GroupSyncRead::id_list_': class 'std::vector<uint8_t,std::allocator<uint8_t>>' needs to have dll-interface to be used by clients of class 'dynamixel::GroupSyncRead'
C:\Users\liu95\Documents\GitHub\Main Project V2\include\dynamixel_sdk\packet_handler.h(205): message : see declaration of 'std::vector<uint8_t,std::allocator<uint8_t>>'
C:\Users\liu95\Documents\GitHub\Main Project V2\include\dynamixel_sdk\group_sync_read.h(44,35): warning C4251: 'dynamixel::GroupSyncRead::data_list_': class 'std::map<uint8_t,uint8_t *,std::less<uint8_t>,std::allocator<std::pair<const uint8_t,uint8_t *>>>' needs to have dll-interface to be used by clients of class 'dynamixel::GroupSyncRead'
C:\Users\liu95\Documents\GitHub\Main Project V2\include\dynamixel_sdk\group_sync_read.h(44): message : see declaration of 'std::map<uint8_t,uint8_t *,std::less<uint8_t>,std::allocator<std::pair<const uint8_t,uint8_t *>>>'
C:\Users\liu95\Documents\GitHub\Main Project V2\include\dynamixel_sdk\group_sync_read.h(45,35): warning C4251: 'dynamixel::GroupSyncRead::error_list_': class 'std::map<uint8_t,uint8_t *,std::less<uint8_t>,std::allocator<std::pair<const uint8_t,uint8_t *>>>' needs to have dll-interface to be used by clients of class 'dynamixel::GroupSyncRead'
C:\Users\liu95\Documents\GitHub\Main Project V2\include\dynamixel_sdk\group_sync_read.h(44): message : see declaration of 'std::map<uint8_t,uint8_t *,std::less<uint8_t>,std::allocator<std::pair<const uint8_t,uint8_t *>>>'
C:\Users\liu95\Documents\GitHub\Main Project V2\src\dynamixel_sdk\group_sync_read.cpp(131,39): warning C4267: 'initializing': conversion from 'size_t' to 'int', possible loss of data
  group_sync_write.cpp
C:\Users\liu95\Documents\GitHub\Main Project V2\include\dynamixel_sdk\group_sync_write.h(43,35): warning C4251: 'dynamixel::GroupSyncWrite::id_list_': class 'std::vector<uint8_t,std::allocator<uint8_t>>' needs to have dll-interface to be used by clients of class 'dynamixel::GroupSyncWrite'
C:\Users\liu95\Documents\GitHub\Main Project V2\include\dynamixel_sdk\packet_handler.h(205): message : see declaration of 'std::vector<uint8_t,std::allocator<uint8_t>>'
C:\Users\liu95\Documents\GitHub\Main Project V2\include\dynamixel_sdk\group_sync_write.h(44,35): warning C4251: 'dynamixel::GroupSyncWrite::data_list_': class 'std::map<uint8_t,uint8_t *,std::less<uint8_t>,std::allocator<std::pair<const uint8_t,uint8_t *>>>' needs to have dll-interface to be used by clients of class 'dynamixel::GroupSyncWrite'
C:\Users\liu95\Documents\GitHub\Main Project V2\include\dynamixel_sdk\group_sync_write.h(44): message : see declaration of 'std::map<uint8_t,uint8_t *,std::less<uint8_t>,std::allocator<std::pair<const uint8_t,uint8_t *>>>'
C:\Users\liu95\Documents\GitHub\Main Project V2\src\dynamixel_sdk\group_sync_write.cpp(133,112): warning C4267: 'argument': conversion from 'size_t' to 'uint16_t', possible loss of data
  packet_handler.cpp
  port_handler.cpp
  port_handler_windows.cpp
  protocol1_packet_handler.cpp
C:\Users\liu95\Documents\GitHub\Main Project V2\src\dynamixel_sdk\protocol1_packet_handler.cpp(704,33): warning C4244: '=': conversion from 'uint16_t' to 'uint8_t', possible loss of data
C:\Users\liu95\Documents\GitHub\Main Project V2\src\dynamixel_sdk\protocol1_packet_handler.cpp(705,33): warning C4244: '=': conversion from 'uint16_t' to 'uint8_t', possible loss of data
  protocol2_packet_handler.cpp
     Creating library C:\Users\liu95\Documents\GitHub\Main Project V2\build\win64\output\dxl_x64_cpp.lib and object C:\Users\liu95\Documents\GitHub\Main Project V2\build\win64\output\dxl_x64_cpp.exp
  Generating code
  Previous IPDB not found, fall back to full compilation.
  All 557 functions were compiled because no usable IPDB/IOBJ from previous compilation was found.
  Finished generating code
  dxl_x64_cpp.vcxproj -> C:\Users\liu95\Documents\GitHub\Main Project V2\build\win64\output\dxl_x64_cpp.dll
