c:\users\liu95\documents\github\main project v2\main project v2\x64\debug\vc143.pdb
c:\users\liu95\documents\github\main project v2\main project v2\x64\debug\vc143.idb
c:\users\liu95\documents\github\main project v2\main project v2\x64\debug\dm.xdc
c:\users\liu95\documents\github\main project v2\main project v2\x64\debug\input_ik.xdc
c:\users\liu95\documents\github\main project v2\main project v2\x64\debug\main.xdc
c:\users\liu95\documents\github\main project v2\main project v2\x64\debug\main.obj
c:\users\liu95\documents\github\main project v2\main project v2\x64\debug\input_ik.obj
c:\users\liu95\documents\github\main project v2\main project v2\x64\debug\dm.obj
c:\users\liu95\documents\github\main project v2\x64\debug\main project v2.exe
c:\users\liu95\documents\github\main project v2\main project v2\x64\debug\main project v2.ilk
c:\users\liu95\documents\github\main project v2\x64\debug\main project v2.pdb
c:\users\liu95\documents\github\main project v2\x64\debug\main project v2.lib
c:\users\liu95\documents\github\main project v2\x64\debug\main project v2.exp
c:\users\liu95\documents\github\main project v2\x64\debug\main project v2.xml
c:\users\liu95\documents\github\main project v2\main project v2\x64\debug\main project v2.tlog\cl.command.1.tlog
c:\users\liu95\documents\github\main project v2\main project v2\x64\debug\main project v2.tlog\cl.read.1.tlog
c:\users\liu95\documents\github\main project v2\main project v2\x64\debug\main project v2.tlog\cl.write.1.tlog
c:\users\liu95\documents\github\main project v2\main project v2\x64\debug\main project v2.tlog\link.command.1.tlog
c:\users\liu95\documents\github\main project v2\main project v2\x64\debug\main project v2.tlog\link.read.1.tlog
c:\users\liu95\documents\github\main project v2\main project v2\x64\debug\main project v2.tlog\link.write.1.tlog
c:\users\liu95\documents\github\main project v2\main project v2\x64\debug\main project v2.tlog\main project v2.write.1u.tlog
c:\users\liu95\documents\github\main project v2\main project v2\x64\debug\main project v2.tlog\xdcmake.command.1.tlog
c:\users\liu95\documents\github\main project v2\main project v2\x64\debug\main project v2.tlog\xdcmake.read.1.tlog
c:\users\liu95\documents\github\main project v2\main project v2\x64\debug\main project v2.tlog\xdcmake.write.1.tlog
