  Dm.cpp
C:\Users\liu95\Documents\GitHub\Main Project V2\include\dynamixel_sdk\group_bulk_read.h(43,35): warning C4251: 'dynamixel::GroupBulkRead::id_list_': class 'std::vector<uint8_t,std::allocator<uint8_t>>' needs to have dll-interface to be used by clients of class 'dynamixel::GroupBulkRead'
C:\Users\liu95\Documents\GitHub\Main Project V2\include\dynamixel_sdk\packet_handler.h(205): message : see declaration of 'std::vector<uint8_t,std::allocator<uint8_t>>'
C:\Users\liu95\Documents\GitHub\Main Project V2\include\dynamixel_sdk\group_bulk_read.h(44,35): warning C4251: 'dynamixel::GroupBulkRead::address_list_': class 'std::map<uint8_t,uint16_t,std::less<uint8_t>,std::allocator<std::pair<const uint8_t,uint16_t>>>' needs to have dll-interface to be used by clients of class 'dynamixel::GroupBulkRead'
C:\Users\liu95\Documents\GitHub\Main Project V2\include\dynamixel_sdk\group_bulk_read.h(44): message : see declaration of 'std::map<uint8_t,uint16_t,std::less<uint8_t>,std::allocator<std::pair<const uint8_t,uint16_t>>>'
C:\Users\liu95\Documents\GitHub\Main Project V2\include\dynamixel_sdk\group_bulk_read.h(45,35): warning C4251: 'dynamixel::GroupBulkRead::length_list_': class 'std::map<uint8_t,uint16_t,std::less<uint8_t>,std::allocator<std::pair<const uint8_t,uint16_t>>>' needs to have dll-interface to be used by clients of class 'dynamixel::GroupBulkRead'
C:\Users\liu95\Documents\GitHub\Main Project V2\include\dynamixel_sdk\group_bulk_read.h(44): message : see declaration of 'std::map<uint8_t,uint16_t,std::less<uint8_t>,std::allocator<std::pair<const uint8_t,uint16_t>>>'
C:\Users\liu95\Documents\GitHub\Main Project V2\include\dynamixel_sdk\group_bulk_read.h(46,35): warning C4251: 'dynamixel::GroupBulkRead::data_list_': class 'std::map<uint8_t,uint8_t *,std::less<uint8_t>,std::allocator<std::pair<const uint8_t,uint8_t *>>>' needs to have dll-interface to be used by clients of class 'dynamixel::GroupBulkRead'
C:\Users\liu95\Documents\GitHub\Main Project V2\include\dynamixel_sdk\group_bulk_read.h(46): message : see declaration of 'std::map<uint8_t,uint8_t *,std::less<uint8_t>,std::allocator<std::pair<const uint8_t,uint8_t *>>>'
C:\Users\liu95\Documents\GitHub\Main Project V2\include\dynamixel_sdk\group_bulk_read.h(47,35): warning C4251: 'dynamixel::GroupBulkRead::error_list_': class 'std::map<uint8_t,uint8_t *,std::less<uint8_t>,std::allocator<std::pair<const uint8_t,uint8_t *>>>' needs to have dll-interface to be used by clients of class 'dynamixel::GroupBulkRead'
C:\Users\liu95\Documents\GitHub\Main Project V2\include\dynamixel_sdk\group_bulk_read.h(46): message : see declaration of 'std::map<uint8_t,uint8_t *,std::less<uint8_t>,std::allocator<std::pair<const uint8_t,uint8_t *>>>'
C:\Users\liu95\Documents\GitHub\Main Project V2\include\dynamixel_sdk\group_bulk_write.h(43,35): warning C4251: 'dynamixel::GroupBulkWrite::id_list_': class 'std::vector<uint8_t,std::allocator<uint8_t>>' needs to have dll-interface to be used by clients of class 'dynamixel::GroupBulkWrite'
C:\Users\liu95\Documents\GitHub\Main Project V2\include\dynamixel_sdk\packet_handler.h(205): message : see declaration of 'std::vector<uint8_t,std::allocator<uint8_t>>'
C:\Users\liu95\Documents\GitHub\Main Project V2\include\dynamixel_sdk\group_bulk_write.h(44,35): warning C4251: 'dynamixel::GroupBulkWrite::address_list_': class 'std::map<uint8_t,uint16_t,std::less<uint8_t>,std::allocator<std::pair<const uint8_t,uint16_t>>>' needs to have dll-interface to be used by clients of class 'dynamixel::GroupBulkWrite'
C:\Users\liu95\Documents\GitHub\Main Project V2\include\dynamixel_sdk\group_bulk_read.h(44): message : see declaration of 'std::map<uint8_t,uint16_t,std::less<uint8_t>,std::allocator<std::pair<const uint8_t,uint16_t>>>'
C:\Users\liu95\Documents\GitHub\Main Project V2\include\dynamixel_sdk\group_bulk_write.h(45,35): warning C4251: 'dynamixel::GroupBulkWrite::length_list_': class 'std::map<uint8_t,uint16_t,std::less<uint8_t>,std::allocator<std::pair<const uint8_t,uint16_t>>>' needs to have dll-interface to be used by clients of class 'dynamixel::GroupBulkWrite'
C:\Users\liu95\Documents\GitHub\Main Project V2\include\dynamixel_sdk\group_bulk_read.h(44): message : see declaration of 'std::map<uint8_t,uint16_t,std::less<uint8_t>,std::allocator<std::pair<const uint8_t,uint16_t>>>'
C:\Users\liu95\Documents\GitHub\Main Project V2\include\dynamixel_sdk\group_bulk_write.h(46,35): warning C4251: 'dynamixel::GroupBulkWrite::data_list_': class 'std::map<uint8_t,uint8_t *,std::less<uint8_t>,std::allocator<std::pair<const uint8_t,uint8_t *>>>' needs to have dll-interface to be used by clients of class 'dynamixel::GroupBulkWrite'
C:\Users\liu95\Documents\GitHub\Main Project V2\include\dynamixel_sdk\group_bulk_read.h(46): message : see declaration of 'std::map<uint8_t,uint8_t *,std::less<uint8_t>,std::allocator<std::pair<const uint8_t,uint8_t *>>>'
C:\Users\liu95\Documents\GitHub\Main Project V2\include\dynamixel_sdk\group_sync_read.h(43,35): warning C4251: 'dynamixel::GroupSyncRead::id_list_': class 'std::vector<uint8_t,std::allocator<uint8_t>>' needs to have dll-interface to be used by clients of class 'dynamixel::GroupSyncRead'
C:\Users\liu95\Documents\GitHub\Main Project V2\include\dynamixel_sdk\packet_handler.h(205): message : see declaration of 'std::vector<uint8_t,std::allocator<uint8_t>>'
C:\Users\liu95\Documents\GitHub\Main Project V2\include\dynamixel_sdk\group_sync_read.h(44,35): warning C4251: 'dynamixel::GroupSyncRead::data_list_': class 'std::map<uint8_t,uint8_t *,std::less<uint8_t>,std::allocator<std::pair<const uint8_t,uint8_t *>>>' needs to have dll-interface to be used by clients of class 'dynamixel::GroupSyncRead'
C:\Users\liu95\Documents\GitHub\Main Project V2\include\dynamixel_sdk\group_bulk_read.h(46): message : see declaration of 'std::map<uint8_t,uint8_t *,std::less<uint8_t>,std::allocator<std::pair<const uint8_t,uint8_t *>>>'
C:\Users\liu95\Documents\GitHub\Main Project V2\include\dynamixel_sdk\group_sync_read.h(45,35): warning C4251: 'dynamixel::GroupSyncRead::error_list_': class 'std::map<uint8_t,uint8_t *,std::less<uint8_t>,std::allocator<std::pair<const uint8_t,uint8_t *>>>' needs to have dll-interface to be used by clients of class 'dynamixel::GroupSyncRead'
C:\Users\liu95\Documents\GitHub\Main Project V2\include\dynamixel_sdk\group_bulk_read.h(46): message : see declaration of 'std::map<uint8_t,uint8_t *,std::less<uint8_t>,std::allocator<std::pair<const uint8_t,uint8_t *>>>'
C:\Users\liu95\Documents\GitHub\Main Project V2\include\dynamixel_sdk\group_sync_write.h(43,35): warning C4251: 'dynamixel::GroupSyncWrite::id_list_': class 'std::vector<uint8_t,std::allocator<uint8_t>>' needs to have dll-interface to be used by clients of class 'dynamixel::GroupSyncWrite'
C:\Users\liu95\Documents\GitHub\Main Project V2\include\dynamixel_sdk\packet_handler.h(205): message : see declaration of 'std::vector<uint8_t,std::allocator<uint8_t>>'
C:\Users\liu95\Documents\GitHub\Main Project V2\include\dynamixel_sdk\group_sync_write.h(44,35): warning C4251: 'dynamixel::GroupSyncWrite::data_list_': class 'std::map<uint8_t,uint8_t *,std::less<uint8_t>,std::allocator<std::pair<const uint8_t,uint8_t *>>>' needs to have dll-interface to be used by clients of class 'dynamixel::GroupSyncWrite'
C:\Users\liu95\Documents\GitHub\Main Project V2\include\dynamixel_sdk\group_bulk_read.h(46): message : see declaration of 'std::map<uint8_t,uint8_t *,std::less<uint8_t>,std::allocator<std::pair<const uint8_t,uint8_t *>>>'
C:\Users\liu95\Documents\GitHub\Main Project V2\src\Dm.cpp(54,5): warning C4273: 'getch': inconsistent dll linkage
C:\Program Files (x86)\Windows Kits\10\Include\10.0.19041.0\ucrt\conio.h(444,30): message : see previous definition of 'getch'
C:\Users\liu95\Documents\GitHub\Main Project V2\src\Dm.cpp(71,5): warning C4273: 'kbhit': inconsistent dll linkage
C:\Program Files (x86)\Windows Kits\10\Include\10.0.19041.0\ucrt\conio.h(450,30): message : see previous definition of 'kbhit'
  input_ik.cpp
  main.cpp
C:\Users\liu95\Documents\GitHub\Main Project V2\include\dynamixel_sdk\group_bulk_read.h(43,35): warning C4251: 'dynamixel::GroupBulkRead::id_list_': class 'std::vector<uint8_t,std::allocator<uint8_t>>' needs to have dll-interface to be used by clients of class 'dynamixel::GroupBulkRead'
C:\Users\liu95\Documents\GitHub\Main Project V2\include\dynamixel_sdk\packet_handler.h(205): message : see declaration of 'std::vector<uint8_t,std::allocator<uint8_t>>'
C:\Users\liu95\Documents\GitHub\Main Project V2\include\dynamixel_sdk\group_bulk_read.h(44,35): warning C4251: 'dynamixel::GroupBulkRead::address_list_': class 'std::map<uint8_t,uint16_t,std::less<uint8_t>,std::allocator<std::pair<const uint8_t,uint16_t>>>' needs to have dll-interface to be used by clients of class 'dynamixel::GroupBulkRead'
C:\Users\liu95\Documents\GitHub\Main Project V2\include\dynamixel_sdk\group_bulk_read.h(44): message : see declaration of 'std::map<uint8_t,uint16_t,std::less<uint8_t>,std::allocator<std::pair<const uint8_t,uint16_t>>>'
C:\Users\liu95\Documents\GitHub\Main Project V2\include\dynamixel_sdk\group_bulk_read.h(45,35): warning C4251: 'dynamixel::GroupBulkRead::length_list_': class 'std::map<uint8_t,uint16_t,std::less<uint8_t>,std::allocator<std::pair<const uint8_t,uint16_t>>>' needs to have dll-interface to be used by clients of class 'dynamixel::GroupBulkRead'
C:\Users\liu95\Documents\GitHub\Main Project V2\include\dynamixel_sdk\group_bulk_read.h(44): message : see declaration of 'std::map<uint8_t,uint16_t,std::less<uint8_t>,std::allocator<std::pair<const uint8_t,uint16_t>>>'
C:\Users\liu95\Documents\GitHub\Main Project V2\include\dynamixel_sdk\group_bulk_read.h(46,35): warning C4251: 'dynamixel::GroupBulkRead::data_list_': class 'std::map<uint8_t,uint8_t *,std::less<uint8_t>,std::allocator<std::pair<const uint8_t,uint8_t *>>>' needs to have dll-interface to be used by clients of class 'dynamixel::GroupBulkRead'
C:\Users\liu95\Documents\GitHub\Main Project V2\include\dynamixel_sdk\group_bulk_read.h(46): message : see declaration of 'std::map<uint8_t,uint8_t *,std::less<uint8_t>,std::allocator<std::pair<const uint8_t,uint8_t *>>>'
C:\Users\liu95\Documents\GitHub\Main Project V2\include\dynamixel_sdk\group_bulk_read.h(47,35): warning C4251: 'dynamixel::GroupBulkRead::error_list_': class 'std::map<uint8_t,uint8_t *,std::less<uint8_t>,std::allocator<std::pair<const uint8_t,uint8_t *>>>' needs to have dll-interface to be used by clients of class 'dynamixel::GroupBulkRead'
C:\Users\liu95\Documents\GitHub\Main Project V2\include\dynamixel_sdk\group_bulk_read.h(46): message : see declaration of 'std::map<uint8_t,uint8_t *,std::less<uint8_t>,std::allocator<std::pair<const uint8_t,uint8_t *>>>'
C:\Users\liu95\Documents\GitHub\Main Project V2\include\dynamixel_sdk\group_bulk_write.h(43,35): warning C4251: 'dynamixel::GroupBulkWrite::id_list_': class 'std::vector<uint8_t,std::allocator<uint8_t>>' needs to have dll-interface to be used by clients of class 'dynamixel::GroupBulkWrite'
C:\Users\liu95\Documents\GitHub\Main Project V2\include\dynamixel_sdk\packet_handler.h(205): message : see declaration of 'std::vector<uint8_t,std::allocator<uint8_t>>'
C:\Users\liu95\Documents\GitHub\Main Project V2\include\dynamixel_sdk\group_bulk_write.h(44,35): warning C4251: 'dynamixel::GroupBulkWrite::address_list_': class 'std::map<uint8_t,uint16_t,std::less<uint8_t>,std::allocator<std::pair<const uint8_t,uint16_t>>>' needs to have dll-interface to be used by clients of class 'dynamixel::GroupBulkWrite'
C:\Users\liu95\Documents\GitHub\Main Project V2\include\dynamixel_sdk\group_bulk_read.h(44): message : see declaration of 'std::map<uint8_t,uint16_t,std::less<uint8_t>,std::allocator<std::pair<const uint8_t,uint16_t>>>'
C:\Users\liu95\Documents\GitHub\Main Project V2\include\dynamixel_sdk\group_bulk_write.h(45,35): warning C4251: 'dynamixel::GroupBulkWrite::length_list_': class 'std::map<uint8_t,uint16_t,std::less<uint8_t>,std::allocator<std::pair<const uint8_t,uint16_t>>>' needs to have dll-interface to be used by clients of class 'dynamixel::GroupBulkWrite'
C:\Users\liu95\Documents\GitHub\Main Project V2\include\dynamixel_sdk\group_bulk_read.h(44): message : see declaration of 'std::map<uint8_t,uint16_t,std::less<uint8_t>,std::allocator<std::pair<const uint8_t,uint16_t>>>'
C:\Users\liu95\Documents\GitHub\Main Project V2\include\dynamixel_sdk\group_bulk_write.h(46,35): warning C4251: 'dynamixel::GroupBulkWrite::data_list_': class 'std::map<uint8_t,uint8_t *,std::less<uint8_t>,std::allocator<std::pair<const uint8_t,uint8_t *>>>' needs to have dll-interface to be used by clients of class 'dynamixel::GroupBulkWrite'
C:\Users\liu95\Documents\GitHub\Main Project V2\include\dynamixel_sdk\group_bulk_read.h(46): message : see declaration of 'std::map<uint8_t,uint8_t *,std::less<uint8_t>,std::allocator<std::pair<const uint8_t,uint8_t *>>>'
C:\Users\liu95\Documents\GitHub\Main Project V2\include\dynamixel_sdk\group_sync_read.h(43,35): warning C4251: 'dynamixel::GroupSyncRead::id_list_': class 'std::vector<uint8_t,std::allocator<uint8_t>>' needs to have dll-interface to be used by clients of class 'dynamixel::GroupSyncRead'
C:\Users\liu95\Documents\GitHub\Main Project V2\include\dynamixel_sdk\packet_handler.h(205): message : see declaration of 'std::vector<uint8_t,std::allocator<uint8_t>>'
C:\Users\liu95\Documents\GitHub\Main Project V2\include\dynamixel_sdk\group_sync_read.h(44,35): warning C4251: 'dynamixel::GroupSyncRead::data_list_': class 'std::map<uint8_t,uint8_t *,std::less<uint8_t>,std::allocator<std::pair<const uint8_t,uint8_t *>>>' needs to have dll-interface to be used by clients of class 'dynamixel::GroupSyncRead'
C:\Users\liu95\Documents\GitHub\Main Project V2\include\dynamixel_sdk\group_bulk_read.h(46): message : see declaration of 'std::map<uint8_t,uint8_t *,std::less<uint8_t>,std::allocator<std::pair<const uint8_t,uint8_t *>>>'
C:\Users\liu95\Documents\GitHub\Main Project V2\include\dynamixel_sdk\group_sync_read.h(45,35): warning C4251: 'dynamixel::GroupSyncRead::error_list_': class 'std::map<uint8_t,uint8_t *,std::less<uint8_t>,std::allocator<std::pair<const uint8_t,uint8_t *>>>' needs to have dll-interface to be used by clients of class 'dynamixel::GroupSyncRead'
C:\Users\liu95\Documents\GitHub\Main Project V2\include\dynamixel_sdk\group_bulk_read.h(46): message : see declaration of 'std::map<uint8_t,uint8_t *,std::less<uint8_t>,std::allocator<std::pair<const uint8_t,uint8_t *>>>'
C:\Users\liu95\Documents\GitHub\Main Project V2\include\dynamixel_sdk\group_sync_write.h(43,35): warning C4251: 'dynamixel::GroupSyncWrite::id_list_': class 'std::vector<uint8_t,std::allocator<uint8_t>>' needs to have dll-interface to be used by clients of class 'dynamixel::GroupSyncWrite'
C:\Users\liu95\Documents\GitHub\Main Project V2\include\dynamixel_sdk\packet_handler.h(205): message : see declaration of 'std::vector<uint8_t,std::allocator<uint8_t>>'
C:\Users\liu95\Documents\GitHub\Main Project V2\include\dynamixel_sdk\group_sync_write.h(44,35): warning C4251: 'dynamixel::GroupSyncWrite::data_list_': class 'std::map<uint8_t,uint8_t *,std::less<uint8_t>,std::allocator<std::pair<const uint8_t,uint8_t *>>>' needs to have dll-interface to be used by clients of class 'dynamixel::GroupSyncWrite'
C:\Users\liu95\Documents\GitHub\Main Project V2\include\dynamixel_sdk\group_bulk_read.h(46): message : see declaration of 'std::map<uint8_t,uint8_t *,std::less<uint8_t>,std::allocator<std::pair<const uint8_t,uint8_t *>>>'
C:\Users\liu95\Documents\GitHub\Main Project V2\src\main.cpp(127,19): warning C4244: '=': conversion from 'time_t' to 'long', possible loss of data
C:\Users\liu95\Documents\GitHub\Main Project V2\src\main.cpp(130,25): warning C4244: '=': conversion from 'time_t' to 'long', possible loss of data
     Creating library C:\Users\liu95\Documents\GitHub\Main Project V2\x64\Release\Main Project V2.lib and object C:\Users\liu95\Documents\GitHub\Main Project V2\x64\Release\Main Project V2.exp
Dm.obj : error LNK2001: unresolved external symbol "__declspec(dllimport) public: bool __cdecl dynamixel::GroupSyncRead::getError(unsigned char,unsigned char *)" (__imp_?getError@GroupSyncRead@dynamixel@@QEAA_NEPEAE@Z)
Dm.obj : error LNK2001: unresolved external symbol "__declspec(dllimport) public: unsigned int __cdecl dynamixel::GroupSyncRead::getData(unsigned char,unsigned short,unsigned short)" (__imp_?getData@GroupSyncRead@dynamixel@@QEAAIEGG@Z)
Dm.obj : error LNK2001: unresolved external symbol "__declspec(dllimport) public: bool __cdecl dynamixel::GroupSyncRead::isAvailable(unsigned char,unsigned short,unsigned short)" (__imp_?isAvailable@GroupSyncRead@dynamixel@@QEAA_NEGG@Z)
Dm.obj : error LNK2001: unresolved external symbol "__declspec(dllimport) public: int __cdecl dynamixel::GroupSyncRead::txRxPacket(void)" (__imp_?txRxPacket@GroupSyncRead@dynamixel@@QEAAHXZ)
Dm.obj : error LNK2001: unresolved external symbol "__declspec(dllimport) public: bool __cdecl dynamixel::GroupSyncRead::addParam(unsigned char)" (__imp_?addParam@GroupSyncRead@dynamixel@@QEAA_NE@Z)
Dm.obj : error LNK2001: unresolved external symbol "__declspec(dllimport) public: __cdecl dynamixel::GroupSyncRead::GroupSyncRead(class dynamixel::PortHandler *,class dynamixel::PacketHandler *,unsigned short,unsigned short)" (__imp_??0GroupSyncRead@dynamixel@@QEAA@PEAVPortHandler@1@PEAVPacketHandler@1@GG@Z)
Dm.obj : error LNK2001: unresolved external symbol "__declspec(dllimport) public: static class dynamixel::PacketHandler * __cdecl dynamixel::PacketHandler::getPacketHandler(float)" (__imp_?getPacketHandler@PacketHandler@dynamixel@@SAPEAV12@M@Z)
Dm.obj : error LNK2001: unresolved external symbol "__declspec(dllimport) public: static class dynamixel::PortHandler * __cdecl dynamixel::PortHandler::getPortHandler(char const *)" (__imp_?getPortHandler@PortHandler@dynamixel@@SAPEAV12@PEBD@Z)
Dm.obj : error LNK2001: unresolved external symbol "__declspec(dllimport) public: int __cdecl dynamixel::GroupSyncWrite::txPacket(void)" (__imp_?txPacket@GroupSyncWrite@dynamixel@@QEAAHXZ)
Dm.obj : error LNK2001: unresolved external symbol "__declspec(dllimport) public: void __cdecl dynamixel::GroupSyncWrite::clearParam(void)" (__imp_?clearParam@GroupSyncWrite@dynamixel@@QEAAXXZ)
Dm.obj : error LNK2001: unresolved external symbol "__declspec(dllimport) public: bool __cdecl dynamixel::GroupSyncWrite::addParam(unsigned char,unsigned char *)" (__imp_?addParam@GroupSyncWrite@dynamixel@@QEAA_NEPEAE@Z)
Dm.obj : error LNK2001: unresolved external symbol "__declspec(dllimport) public: __cdecl dynamixel::GroupSyncWrite::GroupSyncWrite(class dynamixel::PortHandler *,class dynamixel::PacketHandler *,unsigned short,unsigned short)" (__imp_??0GroupSyncWrite@dynamixel@@QEAA@PEAVPortHandler@1@PEAVPacketHandler@1@GG@Z)
Dm.obj : error LNK2001: unresolved external symbol "__declspec(dllimport) public: __cdecl dynamixel::GroupSyncWrite::~GroupSyncWrite(void)" (__imp_??1GroupSyncWrite@dynamixel@@QEAA@XZ)
Dm.obj : error LNK2001: unresolved external symbol "__declspec(dllimport) public: __cdecl dynamixel::GroupSyncRead::~GroupSyncRead(void)" (__imp_??1GroupSyncRead@dynamixel@@QEAA@XZ)
C:\Users\liu95\Documents\GitHub\Main Project V2\x64\Release\Main Project V2.exe : fatal error LNK1120: 14 unresolved externals
